2024-11-14T01:07:35.491-05:00  INFO 11417 --- [animals_rest] [main] c.e.u.a.AnimalRestApplication            : Starting AnimalRestApplication using Java 17.0.13 with PID 11417 (/home/jdcarrillo/Documentos/Workspace/2024-2/Distribuidos/parcial/target/classes started by jdcarrillo in /home/jdcarrillo/Documentos/Workspace/2024-2/Distribuidos/parcial)
2024-11-14T01:07:35.496-05:00 DEBUG 11417 --- [animals_rest] [main] c.e.u.a.AnimalRestApplication            : Running with Spring Boot v3.3.4, Spring v6.1.13
2024-11-14T01:07:35.498-05:00  INFO 11417 --- [animals_rest] [main] c.e.u.a.AnimalRestApplication            : No active profile set, falling back to 1 default profile: "default"
2024-11-14T01:07:37.380-05:00  INFO 11417 --- [animals_rest] [main] o.s.b.w.embedded.tomcat.TomcatWebServer  : Tomcat initialized with port 8081 (http)
2024-11-14T01:07:37.411-05:00  INFO 11417 --- [animals_rest] [main] o.apache.catalina.core.StandardService   : Starting service [Tomcat]
2024-11-14T01:07:37.412-05:00  INFO 11417 --- [animals_rest] [main] o.apache.catalina.core.StandardEngine    : Starting Servlet engine: [Apache Tomcat/10.1.30]
2024-11-14T01:07:37.536-05:00  INFO 11417 --- [animals_rest] [main] o.a.c.c.C.[Tomcat].[localhost].[/]       : Initializing Spring embedded WebApplicationContext
2024-11-14T01:07:37.538-05:00  INFO 11417 --- [animals_rest] [main] w.s.c.ServletWebServerApplicationContext : Root WebApplicationContext: initialization completed in 1945 ms
2024-11-14T01:07:38.292-05:00  INFO 11417 --- [animals_rest] [main] o.s.b.w.embedded.tomcat.TomcatWebServer  : Tomcat started on port 8081 (http) with context path '/'
2024-11-14T01:07:38.316-05:00  INFO 11417 --- [animals_rest] [main] c.e.u.a.AnimalRestApplication            : Started AnimalRestApplication in 3.624 seconds (process running for 4.199)
2024-11-14T01:08:00.250-05:00  INFO 11417 --- [animals_rest] [http-nio-8081-exec-1] o.a.c.c.C.[Tomcat].[localhost].[/]       : Initializing Spring DispatcherServlet 'dispatcherServlet'
2024-11-14T01:08:00.312-05:00  INFO 11417 --- [animals_rest] [http-nio-8081-exec-1] c.e.u.a.controllers.AnimalController     : getAnimalAll called
2024-11-14T01:08:02.915-05:00  INFO 11417 --- [animals_rest] [http-nio-8081-exec-3] c.e.u.a.controllers.AnimalController     : getAnimalAll called
2024-11-14T01:08:36.874-05:00  INFO 12166 --- [animals_rest] [main] c.e.u.a.AnimalRestApplication            : Starting AnimalRestApplication using Java 17.0.13 with PID 12166 (/home/jdcarrillo/Documentos/Workspace/2024-2/Distribuidos/parcial/target/classes started by jdcarrillo in /home/jdcarrillo/Documentos/Workspace/2024-2/Distribuidos/parcial)
2024-11-14T01:08:36.879-05:00 DEBUG 12166 --- [animals_rest] [main] c.e.u.a.AnimalRestApplication            : Running with Spring Boot v3.3.4, Spring v6.1.13
2024-11-14T01:08:36.882-05:00  INFO 12166 --- [animals_rest] [main] c.e.u.a.AnimalRestApplication            : No active profile set, falling back to 1 default profile: "default"
2024-11-14T01:08:38.528-05:00  INFO 12166 --- [animals_rest] [main] o.s.b.w.embedded.tomcat.TomcatWebServer  : Tomcat initialized with port 8081 (http)
2024-11-14T01:08:38.551-05:00  INFO 12166 --- [animals_rest] [main] o.apache.catalina.core.StandardService   : Starting service [Tomcat]
2024-11-14T01:08:38.552-05:00  INFO 12166 --- [animals_rest] [main] o.apache.catalina.core.StandardEngine    : Starting Servlet engine: [Apache Tomcat/10.1.30]
2024-11-14T01:08:38.655-05:00  INFO 12166 --- [animals_rest] [main] o.a.c.c.C.[Tomcat].[localhost].[/]       : Initializing Spring embedded WebApplicationContext
2024-11-14T01:08:38.656-05:00  INFO 12166 --- [animals_rest] [main] w.s.c.ServletWebServerApplicationContext : Root WebApplicationContext: initialization completed in 1631 ms
2024-11-14T01:08:39.234-05:00  INFO 12166 --- [animals_rest] [main] o.s.b.w.embedded.tomcat.TomcatWebServer  : Tomcat started on port 8081 (http) with context path '/'
2024-11-14T01:08:39.256-05:00  INFO 12166 --- [animals_rest] [main] c.e.u.a.AnimalRestApplication            : Started AnimalRestApplication in 3.301 seconds (process running for 3.874)
